<?xml version="1.0" encoding="UTF-8"?>
<!-- Generated by org.testng.reporters.JUnitReportReporter -->
<testsuite hostname="DESKTOP-D5GB7KD" failures="0" tests="1" name="AlphaSenseProject.QAhomeTask.test1_userSignUpTest" time="24.996" errors="0" timestamp="2021-01-24T21:56:50 IST" skipped="0">
  <testcase classname="AlphaSenseProject.QAhomeTask.test1_userSignUpTest" name="integrationTest" time="24.996"/>
  <system-out/>
</testsuite> <!-- AlphaSenseProject.QAhomeTask.test1_userSignUpTest -->
